2026-06-17 15:44:34,350 | ERROR | Training Script Failed: [Errno 2] No such file or directory: 'C:\\Users\\manis\\Ginger_Gradient\\clinical-intelligence-system\\dataset\\conversion_predictors_of_clinically_isolated_syndrome_to_multiple_sclerosis.csv'
Traceback (most recent call last):
  File "c:\Users\manis\Ginger_Gradient\clinical-intelligence-system\backend\training.py", line 47, in train_model
    df = pd.read_csv(DATASET_PATH)
         ^^^^^^^^^^^^^^^^^^^^^^^^^
  File "C:\Users\manis\.pyenv\pyenv-win\versions\3.11.3\Lib\site-packages\pandas\io\parsers\readers.py", line 912, in read_csv
    return _read(filepath_or_buffer, kwds)
           ^^^^^^^^^^^^^^^^^^^^^^^^^^^^^^^
  File "C:\Users\manis\.pyenv\pyenv-win\versions\3.11.3\Lib\site-packages\pandas\io\parsers\readers.py", line 577, in _read
    parser = TextFileReader(filepath_or_buffer, **kwds)
             ^^^^^^^^^^^^^^^^^^^^^^^^^^^^^^^^^^^^^^^^^^
  File "C:\Users\manis\.pyenv\pyenv-win\versions\3.11.3\Lib\site-packages\pandas\io\parsers\readers.py", line 1407, in __init__
    self._engine = self._make_engine(f, self.engine)
                   ^^^^^^^^^^^^^^^^^^^^^^^^^^^^^^^^^
  File "C:\Users\manis\.pyenv\pyenv-win\versions\3.11.3\Lib\site-packages\pandas\io\parsers\readers.py", line 1661, in _make_engine
    self.handles = get_handle(
                   ^^^^^^^^^^^
  File "C:\Users\manis\.pyenv\pyenv-win\versions\3.11.3\Lib\site-packages\pandas\io\common.py", line 859, in get_handle
    handle = open(
             ^^^^^
FileNotFoundError: [Errno 2] No such file or directory: 'C:\\Users\\manis\\Ginger_Gradient\\clinical-intelligence-system\\dataset\\conversion_predictors_of_clinically_isolated_syndrome_to_multiple_sclerosis.csv'
2026-06-17 15:49:31,444 | INFO | Dataset loaded with shape: (273, 20)
2026-06-17 15:49:31,461 | INFO | Train shape: (218, 19), Test shape: (55, 19)
2026-06-17 15:49:31,461 | ERROR | Training Script Failed: name 'GradientBoostingClassifier' is not defined
Traceback (most recent call last):
  File "c:\Users\manis\Ginger_Gradient\clinical-intelligence-system\backend\training.py", line 71, in train_model
    best_rf = GradientBoostingClassifier(
              ^^^^^^^^^^^^^^^^^^^^^^^^^^
NameError: name 'GradientBoostingClassifier' is not defined
2026-06-17 15:49:41,897 | INFO | Dataset loaded with shape: (273, 20)
2026-06-17 15:49:41,909 | INFO | Train shape: (218, 19), Test shape: (55, 19)
2026-06-17 15:49:41,909 | ERROR | Training Script Failed: name 'GradientBoostingClassifier' is not defined
Traceback (most recent call last):
  File "c:\Users\manis\Ginger_Gradient\clinical-intelligence-system\backend\training.py", line 71, in train_model
    best_rf = GradientBoostingClassifier(
              ^^^^^^^^^^^^^^^^^^^^^^^^^^
NameError: name 'GradientBoostingClassifier' is not defined
2026-06-17 16:03:17,748 | INFO | Dataset loaded with shape: (273, 20)
2026-06-17 16:03:17,748 | INFO | Train shape: (218, 19), Test shape: (55, 19)
2026-06-17 16:03:17,762 | ERROR | Training Script Failed: name 'GradientBoostingClassifier' is not defined
Traceback (most recent call last):
  File "c:\Users\manis\Ginger_Gradient\clinical-intelligence-system\backend\training.py", line 71, in train_model
    best_rf = GradientBoostingClassifier(
              ^^^^^^^^^^^^^^^^^^^^^^^^^^
NameError: name 'GradientBoostingClassifier' is not defined
2026-06-17 16:03:40,508 | INFO | Dataset loaded with shape: (273, 20)
2026-06-17 16:03:40,514 | INFO | Train shape: (218, 19), Test shape: (55, 19)
2026-06-17 16:03:40,516 | ERROR | Training Script Failed: name 'GradientBoostingClassifier' is not defined
Traceback (most recent call last):
  File "c:\Users\manis\Ginger_Gradient\clinical-intelligence-system\backend\training.py", line 71, in train_model
    best_rf = GradientBoostingClassifier(
              ^^^^^^^^^^^^^^^^^^^^^^^^^^
NameError: name 'GradientBoostingClassifier' is not defined
2026-06-17 16:04:41,372 | INFO | Dataset loaded with shape: (273, 20)
2026-06-17 16:04:41,377 | INFO | Train shape: (218, 19), Test shape: (55, 19)
2026-06-17 16:04:41,377 | ERROR | Training Script Failed: name 'GradientBoostingClassifier' is not defined
Traceback (most recent call last):
  File "c:\Users\manis\Ginger_Gradient\clinical-intelligence-system\backend\training.py", line 71, in train_model
    best_rf = GradientBoostingClassifier(
              ^^^^^^^^^^^^^^^^^^^^^^^^^^
NameError: name 'GradientBoostingClassifier' is not defined
2026-06-17 16:12:00,861 | INFO | Dataset loaded with shape: (273, 20)
2026-06-17 16:12:00,866 | INFO | Train shape: (218, 19), Test shape: (55, 19)
2026-06-17 16:12:00,866 | ERROR | Training Script Failed: name 'GradientBoostingClassifier' is not defined
Traceback (most recent call last):
  File "c:\Users\manis\Ginger_Gradient\clinical-intelligence-system\backend\training.py", line 71, in train_model
    best_rf = GradientBoostingClassifier(
              ^^^^^^^^^^^^^^^^^^^^^^^^^^
NameError: name 'GradientBoostingClassifier' is not defined
2026-06-17 16:14:24,403 | INFO | Dataset loaded with shape: (273, 20)
2026-06-17 16:14:24,416 | INFO | Train shape: (218, 19), Test shape: (55, 19)
2026-06-17 16:14:24,416 | ERROR | Training Script Failed: name 'GradientBoostingClassifier' is not defined
Traceback (most recent call last):
  File "c:\Users\manis\Ginger_Gradient\clinical-intelligence-system\backend\training.py", line 71, in train_model
    best_rf = GradientBoostingClassifier(
              ^^^^^^^^^^^^^^^^^^^^^^^^^^
NameError: name 'GradientBoostingClassifier' is not defined
2026-06-17 16:14:28,683 | INFO | Dataset loaded with shape: (273, 20)
2026-06-17 16:14:28,693 | INFO | Train shape: (218, 19), Test shape: (55, 19)
2026-06-17 16:14:28,693 | ERROR | Training Script Failed: name 'GradientBoostingClassifier' is not defined
Traceback (most recent call last):
  File "c:\Users\manis\Ginger_Gradient\clinical-intelligence-system\backend\training.py", line 71, in train_model
    best_rf = GradientBoostingClassifier(
              ^^^^^^^^^^^^^^^^^^^^^^^^^^
NameError: name 'GradientBoostingClassifier' is not defined
2026-06-17 16:14:31,205 | INFO | Dataset loaded with shape: (273, 20)
2026-06-17 16:14:31,214 | INFO | Train shape: (218, 19), Test shape: (55, 19)
2026-06-17 16:14:31,214 | ERROR | Training Script Failed: name 'GradientBoostingClassifier' is not defined
Traceback (most recent call last):
  File "c:\Users\manis\Ginger_Gradient\clinical-intelligence-system\backend\training.py", line 71, in train_model
    best_rf = GradientBoostingClassifier(
              ^^^^^^^^^^^^^^^^^^^^^^^^^^
NameError: name 'GradientBoostingClassifier' is not defined
2026-06-17 16:14:49,771 | INFO | Dataset loaded with shape: (273, 20)
2026-06-17 16:14:49,779 | INFO | Train shape: (218, 19), Test shape: (55, 19)
2026-06-17 16:14:49,779 | ERROR | Training Script Failed: name 'GradientBoostingClassifier' is not defined
Traceback (most recent call last):
  File "c:\Users\manis\Ginger_Gradient\clinical-intelligence-system\backend\training.py", line 71, in train_model
    best_rf = GradientBoostingClassifier(
              ^^^^^^^^^^^^^^^^^^^^^^^^^^
NameError: name 'GradientBoostingClassifier' is not defined
2026-06-17 16:16:48,079 | INFO | Dataset loaded with shape: (273, 20)
2026-06-17 16:16:48,087 | INFO | Train shape: (218, 19), Test shape: (55, 19)
2026-06-17 16:16:48,087 | ERROR | Training Script Failed: name 'GradientBoostingClassifier' is not defined
Traceback (most recent call last):
  File "c:\Users\manis\Ginger_Gradient\clinical-intelligence-system\backend\training.py", line 71, in train_model
    best_rf = GradientBoostingClassifier(
              ^^^^^^^^^^^^^^^^^^^^^^^^^^
NameError: name 'GradientBoostingClassifier' is not defined
2026-06-17 16:17:01,906 | INFO | Dataset loaded with shape: (273, 20)
2026-06-17 16:17:01,918 | INFO | Train shape: (218, 19), Test shape: (55, 19)
2026-06-17 16:17:01,918 | ERROR | Training Script Failed: name 'GradientBoostingClassifier' is not defined
Traceback (most recent call last):
  File "c:\Users\manis\Ginger_Gradient\clinical-intelligence-system\backend\training.py", line 71, in train_model
    best_rf = GradientBoostingClassifier(
              ^^^^^^^^^^^^^^^^^^^^^^^^^^
NameError: name 'GradientBoostingClassifier' is not defined
2026-06-17 16:17:32,784 | INFO | Dataset loaded with shape: (273, 20)
2026-06-17 16:17:32,790 | INFO | Train shape: (218, 19), Test shape: (55, 19)
2026-06-17 16:17:32,790 | ERROR | Training Script Failed: name 'GradientBoostingClassifier' is not defined
Traceback (most recent call last):
  File "c:\Users\manis\Ginger_Gradient\clinical-intelligence-system\backend\training.py", line 71, in train_model
    best_rf = GradientBoostingClassifier(
              ^^^^^^^^^^^^^^^^^^^^^^^^^^
NameError: name 'GradientBoostingClassifier' is not defined
2026-06-17 16:24:17,845 | INFO | Dataset loaded with shape: (273, 20)
2026-06-17 16:24:17,855 | INFO | Train shape: (218, 19), Test shape: (55, 19)
2026-06-17 16:24:17,857 | ERROR | Training Script Failed: name 'GradientBoostingClassifier' is not defined
Traceback (most recent call last):
  File "c:\Users\manis\Ginger_Gradient\clinical-intelligence-system\backend\training.py", line 71, in train_model
    best_rf = GradientBoostingClassifier(
              ^^^^^^^^^^^^^^^^^^^^^^^^^^
NameError: name 'GradientBoostingClassifier' is not defined
2026-06-17 16:24:34,496 | INFO | Dataset loaded with shape: (273, 20)
2026-06-17 16:24:34,506 | INFO | Train shape: (218, 19), Test shape: (55, 19)
2026-06-17 16:24:34,506 | ERROR | Training Script Failed: name 'GradientBoostingClassifier' is not defined
Traceback (most recent call last):
  File "c:\Users\manis\Ginger_Gradient\clinical-intelligence-system\backend\training.py", line 71, in train_model
    best_rf = GradientBoostingClassifier(
              ^^^^^^^^^^^^^^^^^^^^^^^^^^
NameError: name 'GradientBoostingClassifier' is not defined
2026-06-17 16:24:50,945 | INFO | Dataset loaded with shape: (273, 20)
2026-06-17 16:24:50,952 | INFO | Train shape: (218, 19), Test shape: (55, 19)
2026-06-17 16:24:50,952 | ERROR | Training Script Failed: name 'GradientBoostingClassifier' is not defined
Traceback (most recent call last):
  File "c:\Users\manis\Ginger_Gradient\clinical-intelligence-system\backend\training.py", line 71, in train_model
    best_rf = GradientBoostingClassifier(
              ^^^^^^^^^^^^^^^^^^^^^^^^^^
NameError: name 'GradientBoostingClassifier' is not defined
2026-06-17 16:25:21,050 | INFO | Dataset loaded with shape: (273, 20)
2026-06-17 16:25:21,056 | INFO | Train shape: (218, 19), Test shape: (55, 19)
2026-06-17 16:25:21,073 | ERROR | Training Script Failed: Input X contains NaN.
RandomForestClassifier does not accept missing values encoded as NaN natively. For supervised learning, you might want to consider sklearn.ensemble.HistGradientBoostingClassifier and Regressor which accept missing values encoded as NaNs natively. Alternatively, it is possible to preprocess the data, for instance by using an imputer transformer in a pipeline or drop samples with missing values. See https://scikit-learn.org/stable/modules/impute.html You can find a list of all estimators that handle NaN values at the following page: https://scikit-learn.org/stable/modules/impute.html#estimators-that-handle-nan-values
Traceback (most recent call last):
  File "c:\Users\manis\Ginger_Gradient\clinical-intelligence-system\backend\training.py", line 94, in train_model
    pipeline.fit(X_train, y_train)
  File "C:\Users\manis\.pyenv\pyenv-win\versions\3.11.3\Lib\site-packages\sklearn\pipeline.py", line 405, in fit
    self._final_estimator.fit(Xt, y, **fit_params_last_step)
  File "C:\Users\manis\.pyenv\pyenv-win\versions\3.11.3\Lib\site-packages\sklearn\ensemble\_forest.py", line 345, in fit
    X, y = self._validate_data(
           ^^^^^^^^^^^^^^^^^^^^
  File "C:\Users\manis\.pyenv\pyenv-win\versions\3.11.3\Lib\site-packages\sklearn\base.py", line 584, in _validate_data
    X, y = check_X_y(X, y, **check_params)
           ^^^^^^^^^^^^^^^^^^^^^^^^^^^^^^^
  File "C:\Users\manis\.pyenv\pyenv-win\versions\3.11.3\Lib\site-packages\sklearn\utils\validation.py", line 1106, in check_X_y
    X = check_array(
        ^^^^^^^^^^^^
  File "C:\Users\manis\.pyenv\pyenv-win\versions\3.11.3\Lib\site-packages\sklearn\utils\validation.py", line 921, in check_array
    _assert_all_finite(
  File "C:\Users\manis\.pyenv\pyenv-win\versions\3.11.3\Lib\site-packages\sklearn\utils\validation.py", line 161, in _assert_all_finite
    raise ValueError(msg_err)
ValueError: Input X contains NaN.
RandomForestClassifier does not accept missing values encoded as NaN natively. For supervised learning, you might want to consider sklearn.ensemble.HistGradientBoostingClassifier and Regressor which accept missing values encoded as NaNs natively. Alternatively, it is possible to preprocess the data, for instance by using an imputer transformer in a pipeline or drop samples with missing values. See https://scikit-learn.org/stable/modules/impute.html You can find a list of all estimators that handle NaN values at the following page: https://scikit-learn.org/stable/modules/impute.html#estimators-that-handle-nan-values
2026-06-17 16:25:33,658 | INFO | Dataset loaded with shape: (273, 20)
2026-06-17 16:25:33,658 | INFO | Train shape: (218, 19), Test shape: (55, 19)
2026-06-17 16:25:33,665 | ERROR | Training Script Failed: Input X contains NaN.
RandomForestClassifier does not accept missing values encoded as NaN natively. For supervised learning, you might want to consider sklearn.ensemble.HistGradientBoostingClassifier and Regressor which accept missing values encoded as NaNs natively. Alternatively, it is possible to preprocess the data, for instance by using an imputer transformer in a pipeline or drop samples with missing values. See https://scikit-learn.org/stable/modules/impute.html You can find a list of all estimators that handle NaN values at the following page: https://scikit-learn.org/stable/modules/impute.html#estimators-that-handle-nan-values
Traceback (most recent call last):
  File "c:\Users\manis\Ginger_Gradient\clinical-intelligence-system\backend\tempCodeRunnerFile.py", line 94, in train_model
    pipeline.fit(X_train, y_train)
  File "C:\Users\manis\.pyenv\pyenv-win\versions\3.11.3\Lib\site-packages\sklearn\pipeline.py", line 405, in fit
    self._final_estimator.fit(Xt, y, **fit_params_last_step)
  File "C:\Users\manis\.pyenv\pyenv-win\versions\3.11.3\Lib\site-packages\sklearn\ensemble\_forest.py", line 345, in fit
    X, y = self._validate_data(
           ^^^^^^^^^^^^^^^^^^^^
  File "C:\Users\manis\.pyenv\pyenv-win\versions\3.11.3\Lib\site-packages\sklearn\base.py", line 584, in _validate_data
    X, y = check_X_y(X, y, **check_params)
           ^^^^^^^^^^^^^^^^^^^^^^^^^^^^^^^
  File "C:\Users\manis\.pyenv\pyenv-win\versions\3.11.3\Lib\site-packages\sklearn\utils\validation.py", line 1106, in check_X_y
    X = check_array(
        ^^^^^^^^^^^^
  File "C:\Users\manis\.pyenv\pyenv-win\versions\3.11.3\Lib\site-packages\sklearn\utils\validation.py", line 921, in check_array
    _assert_all_finite(
  File "C:\Users\manis\.pyenv\pyenv-win\versions\3.11.3\Lib\site-packages\sklearn\utils\validation.py", line 161, in _assert_all_finite
    raise ValueError(msg_err)
ValueError: Input X contains NaN.
RandomForestClassifier does not accept missing values encoded as NaN natively. For supervised learning, you might want to consider sklearn.ensemble.HistGradientBoostingClassifier and Regressor which accept missing values encoded as NaNs natively. Alternatively, it is possible to preprocess the data, for instance by using an imputer transformer in a pipeline or drop samples with missing values. See https://scikit-learn.org/stable/modules/impute.html You can find a list of all estimators that handle NaN values at the following page: https://scikit-learn.org/stable/modules/impute.html#estimators-that-handle-nan-values
2026-06-17 16:25:38,490 | INFO | Dataset loaded with shape: (273, 20)
2026-06-17 16:25:38,493 | INFO | Train shape: (218, 19), Test shape: (55, 19)
2026-06-17 16:25:38,503 | ERROR | Training Script Failed: Input X contains NaN.
RandomForestClassifier does not accept missing values encoded as NaN natively. For supervised learning, you might want to consider sklearn.ensemble.HistGradientBoostingClassifier and Regressor which accept missing values encoded as NaNs natively. Alternatively, it is possible to preprocess the data, for instance by using an imputer transformer in a pipeline or drop samples with missing values. See https://scikit-learn.org/stable/modules/impute.html You can find a list of all estimators that handle NaN values at the following page: https://scikit-learn.org/stable/modules/impute.html#estimators-that-handle-nan-values
Traceback (most recent call last):
  File "c:\Users\manis\Ginger_Gradient\clinical-intelligence-system\backend\tempCodeRunnerFile.py", line 94, in train_model
    pipeline.fit(X_train, y_train)
  File "C:\Users\manis\.pyenv\pyenv-win\versions\3.11.3\Lib\site-packages\sklearn\pipeline.py", line 405, in fit
    self._final_estimator.fit(Xt, y, **fit_params_last_step)
  File "C:\Users\manis\.pyenv\pyenv-win\versions\3.11.3\Lib\site-packages\sklearn\ensemble\_forest.py", line 345, in fit
    X, y = self._validate_data(
           ^^^^^^^^^^^^^^^^^^^^
  File "C:\Users\manis\.pyenv\pyenv-win\versions\3.11.3\Lib\site-packages\sklearn\base.py", line 584, in _validate_data
    X, y = check_X_y(X, y, **check_params)
           ^^^^^^^^^^^^^^^^^^^^^^^^^^^^^^^
  File "C:\Users\manis\.pyenv\pyenv-win\versions\3.11.3\Lib\site-packages\sklearn\utils\validation.py", line 1106, in check_X_y
    X = check_array(
        ^^^^^^^^^^^^
  File "C:\Users\manis\.pyenv\pyenv-win\versions\3.11.3\Lib\site-packages\sklearn\utils\validation.py", line 921, in check_array
    _assert_all_finite(
  File "C:\Users\manis\.pyenv\pyenv-win\versions\3.11.3\Lib\site-packages\sklearn\utils\validation.py", line 161, in _assert_all_finite
    raise ValueError(msg_err)
ValueError: Input X contains NaN.
RandomForestClassifier does not accept missing values encoded as NaN natively. For supervised learning, you might want to consider sklearn.ensemble.HistGradientBoostingClassifier and Regressor which accept missing values encoded as NaNs natively. Alternatively, it is possible to preprocess the data, for instance by using an imputer transformer in a pipeline or drop samples with missing values. See https://scikit-learn.org/stable/modules/impute.html You can find a list of all estimators that handle NaN values at the following page: https://scikit-learn.org/stable/modules/impute.html#estimators-that-handle-nan-values
2026-06-17 16:27:34,908 | INFO | Dataset loaded with shape: (273, 20)
2026-06-17 16:27:34,917 | INFO | Train shape: (218, 19), Test shape: (55, 19)
2026-06-17 16:27:34,921 | ERROR | Training Script Failed: Input X contains NaN.
RandomForestClassifier does not accept missing values encoded as NaN natively. For supervised learning, you might want to consider sklearn.ensemble.HistGradientBoostingClassifier and Regressor which accept missing values encoded as NaNs natively. Alternatively, it is possible to preprocess the data, for instance by using an imputer transformer in a pipeline or drop samples with missing values. See https://scikit-learn.org/stable/modules/impute.html You can find a list of all estimators that handle NaN values at the following page: https://scikit-learn.org/stable/modules/impute.html#estimators-that-handle-nan-values
Traceback (most recent call last):
  File "c:\Users\manis\Ginger_Gradient\clinical-intelligence-system\backend\training.py", line 94, in train_model
    pipeline.fit(X_train, y_train)
  File "C:\Users\manis\.pyenv\pyenv-win\versions\3.11.3\Lib\site-packages\sklearn\pipeline.py", line 405, in fit
    self._final_estimator.fit(Xt, y, **fit_params_last_step)
  File "C:\Users\manis\.pyenv\pyenv-win\versions\3.11.3\Lib\site-packages\sklearn\ensemble\_forest.py", line 345, in fit
    X, y = self._validate_data(
           ^^^^^^^^^^^^^^^^^^^^
  File "C:\Users\manis\.pyenv\pyenv-win\versions\3.11.3\Lib\site-packages\sklearn\base.py", line 584, in _validate_data
    X, y = check_X_y(X, y, **check_params)
           ^^^^^^^^^^^^^^^^^^^^^^^^^^^^^^^
  File "C:\Users\manis\.pyenv\pyenv-win\versions\3.11.3\Lib\site-packages\sklearn\utils\validation.py", line 1106, in check_X_y
    X = check_array(
        ^^^^^^^^^^^^
  File "C:\Users\manis\.pyenv\pyenv-win\versions\3.11.3\Lib\site-packages\sklearn\utils\validation.py", line 921, in check_array
    _assert_all_finite(
  File "C:\Users\manis\.pyenv\pyenv-win\versions\3.11.3\Lib\site-packages\sklearn\utils\validation.py", line 161, in _assert_all_finite
    raise ValueError(msg_err)
ValueError: Input X contains NaN.
RandomForestClassifier does not accept missing values encoded as NaN natively. For supervised learning, you might want to consider sklearn.ensemble.HistGradientBoostingClassifier and Regressor which accept missing values encoded as NaNs natively. Alternatively, it is possible to preprocess the data, for instance by using an imputer transformer in a pipeline or drop samples with missing values. See https://scikit-learn.org/stable/modules/impute.html You can find a list of all estimators that handle NaN values at the following page: https://scikit-learn.org/stable/modules/impute.html#estimators-that-handle-nan-values
2026-06-17 16:27:39,236 | INFO | Dataset loaded with shape: (273, 20)
2026-06-17 16:27:39,236 | INFO | Train shape: (218, 19), Test shape: (55, 19)
2026-06-17 16:27:39,245 | ERROR | Training Script Failed: Input X contains NaN.
RandomForestClassifier does not accept missing values encoded as NaN natively. For supervised learning, you might want to consider sklearn.ensemble.HistGradientBoostingClassifier and Regressor which accept missing values encoded as NaNs natively. Alternatively, it is possible to preprocess the data, for instance by using an imputer transformer in a pipeline or drop samples with missing values. See https://scikit-learn.org/stable/modules/impute.html You can find a list of all estimators that handle NaN values at the following page: https://scikit-learn.org/stable/modules/impute.html#estimators-that-handle-nan-values
Traceback (most recent call last):
  File "c:\Users\manis\Ginger_Gradient\clinical-intelligence-system\backend\training.py", line 94, in train_model
    pipeline.fit(X_train, y_train)
  File "C:\Users\manis\.pyenv\pyenv-win\versions\3.11.3\Lib\site-packages\sklearn\pipeline.py", line 405, in fit
    self._final_estimator.fit(Xt, y, **fit_params_last_step)
  File "C:\Users\manis\.pyenv\pyenv-win\versions\3.11.3\Lib\site-packages\sklearn\ensemble\_forest.py", line 345, in fit
    X, y = self._validate_data(
           ^^^^^^^^^^^^^^^^^^^^
  File "C:\Users\manis\.pyenv\pyenv-win\versions\3.11.3\Lib\site-packages\sklearn\base.py", line 584, in _validate_data
    X, y = check_X_y(X, y, **check_params)
           ^^^^^^^^^^^^^^^^^^^^^^^^^^^^^^^
  File "C:\Users\manis\.pyenv\pyenv-win\versions\3.11.3\Lib\site-packages\sklearn\utils\validation.py", line 1106, in check_X_y
    X = check_array(
        ^^^^^^^^^^^^
  File "C:\Users\manis\.pyenv\pyenv-win\versions\3.11.3\Lib\site-packages\sklearn\utils\validation.py", line 921, in check_array
    _assert_all_finite(
  File "C:\Users\manis\.pyenv\pyenv-win\versions\3.11.3\Lib\site-packages\sklearn\utils\validation.py", line 161, in _assert_all_finite
    raise ValueError(msg_err)
ValueError: Input X contains NaN.
RandomForestClassifier does not accept missing values encoded as NaN natively. For supervised learning, you might want to consider sklearn.ensemble.HistGradientBoostingClassifier and Regressor which accept missing values encoded as NaNs natively. Alternatively, it is possible to preprocess the data, for instance by using an imputer transformer in a pipeline or drop samples with missing values. See https://scikit-learn.org/stable/modules/impute.html You can find a list of all estimators that handle NaN values at the following page: https://scikit-learn.org/stable/modules/impute.html#estimators-that-handle-nan-values
2026-06-17 16:31:01,090 | INFO | Dataset loaded with shape: (273, 20)
2026-06-17 16:31:01,100 | INFO | Train shape: (218, 19), Test shape: (55, 19)
2026-06-17 16:31:01,106 | ERROR | Training Script Failed: Input X contains NaN.
RandomForestClassifier does not accept missing values encoded as NaN natively. For supervised learning, you might want to consider sklearn.ensemble.HistGradientBoostingClassifier and Regressor which accept missing values encoded as NaNs natively. Alternatively, it is possible to preprocess the data, for instance by using an imputer transformer in a pipeline or drop samples with missing values. See https://scikit-learn.org/stable/modules/impute.html You can find a list of all estimators that handle NaN values at the following page: https://scikit-learn.org/stable/modules/impute.html#estimators-that-handle-nan-values
Traceback (most recent call last):
  File "c:\Users\manis\Ginger_Gradient\clinical-intelligence-system\backend\training.py", line 94, in train_model
    pipeline.fit(X_train, y_train)
  File "C:\Users\manis\.pyenv\pyenv-win\versions\3.11.3\Lib\site-packages\sklearn\pipeline.py", line 405, in fit
    self._final_estimator.fit(Xt, y, **fit_params_last_step)
  File "C:\Users\manis\.pyenv\pyenv-win\versions\3.11.3\Lib\site-packages\sklearn\ensemble\_forest.py", line 345, in fit
    X, y = self._validate_data(
           ^^^^^^^^^^^^^^^^^^^^
  File "C:\Users\manis\.pyenv\pyenv-win\versions\3.11.3\Lib\site-packages\sklearn\base.py", line 584, in _validate_data
    X, y = check_X_y(X, y, **check_params)
           ^^^^^^^^^^^^^^^^^^^^^^^^^^^^^^^
  File "C:\Users\manis\.pyenv\pyenv-win\versions\3.11.3\Lib\site-packages\sklearn\utils\validation.py", line 1106, in check_X_y
    X = check_array(
        ^^^^^^^^^^^^
  File "C:\Users\manis\.pyenv\pyenv-win\versions\3.11.3\Lib\site-packages\sklearn\utils\validation.py", line 921, in check_array
    _assert_all_finite(
  File "C:\Users\manis\.pyenv\pyenv-win\versions\3.11.3\Lib\site-packages\sklearn\utils\validation.py", line 161, in _assert_all_finite
    raise ValueError(msg_err)
ValueError: Input X contains NaN.
RandomForestClassifier does not accept missing values encoded as NaN natively. For supervised learning, you might want to consider sklearn.ensemble.HistGradientBoostingClassifier and Regressor which accept missing values encoded as NaNs natively. Alternatively, it is possible to preprocess the data, for instance by using an imputer transformer in a pipeline or drop samples with missing values. See https://scikit-learn.org/stable/modules/impute.html You can find a list of all estimators that handle NaN values at the following page: https://scikit-learn.org/stable/modules/impute.html#estimators-that-handle-nan-values
2026-06-17 16:31:27,668 | INFO | Dataset loaded with shape: (273, 20)
2026-06-17 16:31:27,677 | INFO | Train shape: (218, 19), Test shape: (55, 19)
2026-06-17 16:31:27,683 | ERROR | Training Script Failed: Input X contains NaN.
RandomForestClassifier does not accept missing values encoded as NaN natively. For supervised learning, you might want to consider sklearn.ensemble.HistGradientBoostingClassifier and Regressor which accept missing values encoded as NaNs natively. Alternatively, it is possible to preprocess the data, for instance by using an imputer transformer in a pipeline or drop samples with missing values. See https://scikit-learn.org/stable/modules/impute.html You can find a list of all estimators that handle NaN values at the following page: https://scikit-learn.org/stable/modules/impute.html#estimators-that-handle-nan-values
Traceback (most recent call last):
  File "c:\Users\manis\Ginger_Gradient\clinical-intelligence-system\backend\training.py", line 94, in train_model
    pipeline.fit(X_train, y_train)
  File "C:\Users\manis\.pyenv\pyenv-win\versions\3.11.3\Lib\site-packages\sklearn\pipeline.py", line 405, in fit
    self._final_estimator.fit(Xt, y, **fit_params_last_step)
  File "C:\Users\manis\.pyenv\pyenv-win\versions\3.11.3\Lib\site-packages\sklearn\ensemble\_forest.py", line 345, in fit
    X, y = self._validate_data(
           ^^^^^^^^^^^^^^^^^^^^
  File "C:\Users\manis\.pyenv\pyenv-win\versions\3.11.3\Lib\site-packages\sklearn\base.py", line 584, in _validate_data
    X, y = check_X_y(X, y, **check_params)
           ^^^^^^^^^^^^^^^^^^^^^^^^^^^^^^^
  File "C:\Users\manis\.pyenv\pyenv-win\versions\3.11.3\Lib\site-packages\sklearn\utils\validation.py", line 1106, in check_X_y
    X = check_array(
        ^^^^^^^^^^^^
  File "C:\Users\manis\.pyenv\pyenv-win\versions\3.11.3\Lib\site-packages\sklearn\utils\validation.py", line 921, in check_array
    _assert_all_finite(
  File "C:\Users\manis\.pyenv\pyenv-win\versions\3.11.3\Lib\site-packages\sklearn\utils\validation.py", line 161, in _assert_all_finite
    raise ValueError(msg_err)
ValueError: Input X contains NaN.
RandomForestClassifier does not accept missing values encoded as NaN natively. For supervised learning, you might want to consider sklearn.ensemble.HistGradientBoostingClassifier and Regressor which accept missing values encoded as NaNs natively. Alternatively, it is possible to preprocess the data, for instance by using an imputer transformer in a pipeline or drop samples with missing values. See https://scikit-learn.org/stable/modules/impute.html You can find a list of all estimators that handle NaN values at the following page: https://scikit-learn.org/stable/modules/impute.html#estimators-that-handle-nan-values
2026-06-17 16:31:32,625 | INFO | Dataset loaded with shape: (273, 20)
2026-06-17 16:31:32,635 | INFO | Train shape: (218, 19), Test shape: (55, 19)
2026-06-17 16:31:32,639 | ERROR | Training Script Failed: Input X contains NaN.
RandomForestClassifier does not accept missing values encoded as NaN natively. For supervised learning, you might want to consider sklearn.ensemble.HistGradientBoostingClassifier and Regressor which accept missing values encoded as NaNs natively. Alternatively, it is possible to preprocess the data, for instance by using an imputer transformer in a pipeline or drop samples with missing values. See https://scikit-learn.org/stable/modules/impute.html You can find a list of all estimators that handle NaN values at the following page: https://scikit-learn.org/stable/modules/impute.html#estimators-that-handle-nan-values
Traceback (most recent call last):
  File "c:\Users\manis\Ginger_Gradient\clinical-intelligence-system\backend\training.py", line 94, in train_model
    pipeline.fit(X_train, y_train)
  File "C:\Users\manis\.pyenv\pyenv-win\versions\3.11.3\Lib\site-packages\sklearn\pipeline.py", line 405, in fit
    self._final_estimator.fit(Xt, y, **fit_params_last_step)
  File "C:\Users\manis\.pyenv\pyenv-win\versions\3.11.3\Lib\site-packages\sklearn\ensemble\_forest.py", line 345, in fit
    X, y = self._validate_data(
           ^^^^^^^^^^^^^^^^^^^^
  File "C:\Users\manis\.pyenv\pyenv-win\versions\3.11.3\Lib\site-packages\sklearn\base.py", line 584, in _validate_data
    X, y = check_X_y(X, y, **check_params)
           ^^^^^^^^^^^^^^^^^^^^^^^^^^^^^^^
  File "C:\Users\manis\.pyenv\pyenv-win\versions\3.11.3\Lib\site-packages\sklearn\utils\validation.py", line 1106, in check_X_y
    X = check_array(
        ^^^^^^^^^^^^
  File "C:\Users\manis\.pyenv\pyenv-win\versions\3.11.3\Lib\site-packages\sklearn\utils\validation.py", line 921, in check_array
    _assert_all_finite(
  File "C:\Users\manis\.pyenv\pyenv-win\versions\3.11.3\Lib\site-packages\sklearn\utils\validation.py", line 161, in _assert_all_finite
    raise ValueError(msg_err)
ValueError: Input X contains NaN.
RandomForestClassifier does not accept missing values encoded as NaN natively. For supervised learning, you might want to consider sklearn.ensemble.HistGradientBoostingClassifier and Regressor which accept missing values encoded as NaNs natively. Alternatively, it is possible to preprocess the data, for instance by using an imputer transformer in a pipeline or drop samples with missing values. See https://scikit-learn.org/stable/modules/impute.html You can find a list of all estimators that handle NaN values at the following page: https://scikit-learn.org/stable/modules/impute.html#estimators-that-handle-nan-values
2026-06-17 16:36:23,554 | INFO | Dataset loaded with shape: (273, 20)
2026-06-17 16:36:23,562 | INFO | Train shape: (218, 19), Test shape: (55, 19)
2026-06-17 16:36:23,569 | ERROR | Training Script Failed: Input X contains NaN.
RandomForestClassifier does not accept missing values encoded as NaN natively. For supervised learning, you might want to consider sklearn.ensemble.HistGradientBoostingClassifier and Regressor which accept missing values encoded as NaNs natively. Alternatively, it is possible to preprocess the data, for instance by using an imputer transformer in a pipeline or drop samples with missing values. See https://scikit-learn.org/stable/modules/impute.html You can find a list of all estimators that handle NaN values at the following page: https://scikit-learn.org/stable/modules/impute.html#estimators-that-handle-nan-values
Traceback (most recent call last):
  File "c:\Users\manis\Ginger_Gradient\clinical-intelligence-system\backend\training.py", line 94, in train_model
    pipeline.fit(X_train, y_train)
  File "C:\Users\manis\.pyenv\pyenv-win\versions\3.11.3\Lib\site-packages\sklearn\pipeline.py", line 405, in fit
    self._final_estimator.fit(Xt, y, **fit_params_last_step)
  File "C:\Users\manis\.pyenv\pyenv-win\versions\3.11.3\Lib\site-packages\sklearn\ensemble\_forest.py", line 345, in fit
    X, y = self._validate_data(
           ^^^^^^^^^^^^^^^^^^^^
  File "C:\Users\manis\.pyenv\pyenv-win\versions\3.11.3\Lib\site-packages\sklearn\base.py", line 584, in _validate_data
    X, y = check_X_y(X, y, **check_params)
           ^^^^^^^^^^^^^^^^^^^^^^^^^^^^^^^
  File "C:\Users\manis\.pyenv\pyenv-win\versions\3.11.3\Lib\site-packages\sklearn\utils\validation.py", line 1106, in check_X_y
    X = check_array(
        ^^^^^^^^^^^^
  File "C:\Users\manis\.pyenv\pyenv-win\versions\3.11.3\Lib\site-packages\sklearn\utils\validation.py", line 921, in check_array
    _assert_all_finite(
  File "C:\Users\manis\.pyenv\pyenv-win\versions\3.11.3\Lib\site-packages\sklearn\utils\validation.py", line 161, in _assert_all_finite
    raise ValueError(msg_err)
ValueError: Input X contains NaN.
RandomForestClassifier does not accept missing values encoded as NaN natively. For supervised learning, you might want to consider sklearn.ensemble.HistGradientBoostingClassifier and Regressor which accept missing values encoded as NaNs natively. Alternatively, it is possible to preprocess the data, for instance by using an imputer transformer in a pipeline or drop samples with missing values. See https://scikit-learn.org/stable/modules/impute.html You can find a list of all estimators that handle NaN values at the following page: https://scikit-learn.org/stable/modules/impute.html#estimators-that-handle-nan-values
2026-06-17 16:39:29,010 | INFO | Dataset loaded with shape: (273, 20)
2026-06-17 16:39:29,026 | INFO | Train shape: (218, 19), Test shape: (55, 19)
2026-06-17 16:39:29,028 | ERROR | Training Script Failed: Input X contains NaN.
RandomForestClassifier does not accept missing values encoded as NaN natively. For supervised learning, you might want to consider sklearn.ensemble.HistGradientBoostingClassifier and Regressor which accept missing values encoded as NaNs natively. Alternatively, it is possible to preprocess the data, for instance by using an imputer transformer in a pipeline or drop samples with missing values. See https://scikit-learn.org/stable/modules/impute.html You can find a list of all estimators that handle NaN values at the following page: https://scikit-learn.org/stable/modules/impute.html#estimators-that-handle-nan-values
Traceback (most recent call last):
  File "c:\Users\manis\Ginger_Gradient\clinical-intelligence-system\backend\training.py", line 94, in train_model
    pipeline.fit(X_train, y_train)
  File "C:\Users\manis\.pyenv\pyenv-win\versions\3.11.3\Lib\site-packages\sklearn\pipeline.py", line 405, in fit
    self._final_estimator.fit(Xt, y, **fit_params_last_step)
  File "C:\Users\manis\.pyenv\pyenv-win\versions\3.11.3\Lib\site-packages\sklearn\ensemble\_forest.py", line 345, in fit
    X, y = self._validate_data(
           ^^^^^^^^^^^^^^^^^^^^
  File "C:\Users\manis\.pyenv\pyenv-win\versions\3.11.3\Lib\site-packages\sklearn\base.py", line 584, in _validate_data
    X, y = check_X_y(X, y, **check_params)
           ^^^^^^^^^^^^^^^^^^^^^^^^^^^^^^^
  File "C:\Users\manis\.pyenv\pyenv-win\versions\3.11.3\Lib\site-packages\sklearn\utils\validation.py", line 1106, in check_X_y
    X = check_array(
        ^^^^^^^^^^^^
  File "C:\Users\manis\.pyenv\pyenv-win\versions\3.11.3\Lib\site-packages\sklearn\utils\validation.py", line 921, in check_array
    _assert_all_finite(
  File "C:\Users\manis\.pyenv\pyenv-win\versions\3.11.3\Lib\site-packages\sklearn\utils\validation.py", line 161, in _assert_all_finite
    raise ValueError(msg_err)
ValueError: Input X contains NaN.
RandomForestClassifier does not accept missing values encoded as NaN natively. For supervised learning, you might want to consider sklearn.ensemble.HistGradientBoostingClassifier and Regressor which accept missing values encoded as NaNs natively. Alternatively, it is possible to preprocess the data, for instance by using an imputer transformer in a pipeline or drop samples with missing values. See https://scikit-learn.org/stable/modules/impute.html You can find a list of all estimators that handle NaN values at the following page: https://scikit-learn.org/stable/modules/impute.html#estimators-that-handle-nan-values
2026-06-17 16:39:37,025 | INFO | Dataset loaded with shape: (273, 20)
2026-06-17 16:39:37,031 | INFO | Train shape: (218, 19), Test shape: (55, 19)
2026-06-17 16:39:37,032 | ERROR | Training Script Failed: Input X contains NaN.
RandomForestClassifier does not accept missing values encoded as NaN natively. For supervised learning, you might want to consider sklearn.ensemble.HistGradientBoostingClassifier and Regressor which accept missing values encoded as NaNs natively. Alternatively, it is possible to preprocess the data, for instance by using an imputer transformer in a pipeline or drop samples with missing values. See https://scikit-learn.org/stable/modules/impute.html You can find a list of all estimators that handle NaN values at the following page: https://scikit-learn.org/stable/modules/impute.html#estimators-that-handle-nan-values
Traceback (most recent call last):
  File "c:\Users\manis\Ginger_Gradient\clinical-intelligence-system\backend\training.py", line 94, in train_model
    pipeline.fit(X_train, y_train)
  File "C:\Users\manis\.pyenv\pyenv-win\versions\3.11.3\Lib\site-packages\sklearn\pipeline.py", line 405, in fit
    self._final_estimator.fit(Xt, y, **fit_params_last_step)
  File "C:\Users\manis\.pyenv\pyenv-win\versions\3.11.3\Lib\site-packages\sklearn\ensemble\_forest.py", line 345, in fit
    X, y = self._validate_data(
           ^^^^^^^^^^^^^^^^^^^^
  File "C:\Users\manis\.pyenv\pyenv-win\versions\3.11.3\Lib\site-packages\sklearn\base.py", line 584, in _validate_data
    X, y = check_X_y(X, y, **check_params)
           ^^^^^^^^^^^^^^^^^^^^^^^^^^^^^^^
  File "C:\Users\manis\.pyenv\pyenv-win\versions\3.11.3\Lib\site-packages\sklearn\utils\validation.py", line 1106, in check_X_y
    X = check_array(
        ^^^^^^^^^^^^
  File "C:\Users\manis\.pyenv\pyenv-win\versions\3.11.3\Lib\site-packages\sklearn\utils\validation.py", line 921, in check_array
    _assert_all_finite(
  File "C:\Users\manis\.pyenv\pyenv-win\versions\3.11.3\Lib\site-packages\sklearn\utils\validation.py", line 161, in _assert_all_finite
    raise ValueError(msg_err)
ValueError: Input X contains NaN.
RandomForestClassifier does not accept missing values encoded as NaN natively. For supervised learning, you might want to consider sklearn.ensemble.HistGradientBoostingClassifier and Regressor which accept missing values encoded as NaNs natively. Alternatively, it is possible to preprocess the data, for instance by using an imputer transformer in a pipeline or drop samples with missing values. See https://scikit-learn.org/stable/modules/impute.html You can find a list of all estimators that handle NaN values at the following page: https://scikit-learn.org/stable/modules/impute.html#estimators-that-handle-nan-values
